Using pre-set license
Built from '2020.3/staging' branch; Version is '2020.3.30f1 (1fb1bf06830e) revision 2077119'; Using compiler version '192528614'; Build Type 'Release'
OS: 'Windows 11  (10.0.22000) 64bit CoreSingleLanguage' Language: 'en' Physical Memory: 14188 MB
BatchMode: 1, IsHumanControllingUs: 0, StartBugReporterOnCrash: 0, Is64bit: 1, IsPro: 0

COMMAND LINE ARGUMENTS:
C:\Program Files\Unity\Hub\Editor\2020.3.30f1\Editor\Unity.exe
-adb2
-batchMode
-noUpm
-name
AssetImportWorker0
-projectPath
C:/Projects/Unity proj(College)/AR Minor
-logFile
Logs/AssetImportWorker0.log
-srvPort
59140
Successfully changed project path to: C:/Projects/Unity proj(College)/AR Minor
C:/Projects/Unity proj(College)/AR Minor
Using Asset Import Pipeline V2.
Refreshing native plugins compatible for Editor in 22.65 ms, found 2 plugins.
Preloading 0 native plugins for Editor in 0.00 ms.
Initialize engine version: 2020.3.30f1 (1fb1bf06830e)
[Subsystems] Discovering subsystems at path C:/Program Files/Unity/Hub/Editor/2020.3.30f1/Editor/Data/Resources/UnitySubsystems
[Subsystems] Discovering subsystems at path C:/Projects/Unity proj(College)/AR Minor/Assets
GfxDevice: creating device client; threaded=0
Direct3D:
    Version:  Direct3D 11.0 [level 11.1]
    Renderer: NVIDIA GeForce RTX 3060 Laptop GPU (ID=0x2560)
    Vendor:   
    VRAM:     6023 MB
    Driver:   30.0.15.1179
Initialize mono
Mono path[0] = 'C:/Program Files/Unity/Hub/Editor/2020.3.30f1/Editor/Data/Managed'
Mono path[1] = 'C:/Program Files/Unity/Hub/Editor/2020.3.30f1/Editor/Data/MonoBleedingEdge/lib/mono/unityjit'
Mono config path = 'C:/Program Files/Unity/Hub/Editor/2020.3.30f1/Editor/Data/MonoBleedingEdge/etc'
Using monoOptions --debugger-agent=transport=dt_socket,embedding=1,server=y,suspend=n,address=127.0.0.1:56296
Begin MonoManager ReloadAssembly
Registering precompiled unity dll's ...
Register platform support module: C:/Program Files/Unity/Hub/Editor/2020.3.30f1/Editor/Data/PlaybackEngines/WindowsStandaloneSupport/UnityEditor.WindowsStandalone.Extensions.dll
Registered in 0.001318 seconds.
Native extension for WindowsStandalone target not found
Refreshing native plugins compatible for Editor in 22.60 ms, found 2 plugins.
Preloading 0 native plugins for Editor in 0.00 ms.
Mono: successfully reloaded assembly
- Completed reload, in  0.429 seconds
Domain Reload Profiling:
	ReloadAssembly (429ms)
		BeginReloadAssembly (50ms)
			ExecutionOrderSort (0ms)
			DisableScriptedObjects (0ms)
			BackupInstance (0ms)
			ReleaseScriptingObjects (0ms)
			CreateAndSetChildDomain (1ms)
		EndReloadAssembly (325ms)
			LoadAssemblies (48ms)
			RebuildTransferFunctionScriptingTraits (0ms)
			SetupTypeCache (103ms)
			ReleaseScriptCaches (0ms)
			RebuildScriptCaches (21ms)
			SetupLoadedEditorAssemblies (123ms)
				LogAssemblyErrors (0ms)
				InitializePlatformSupportModulesInManaged (3ms)
				SetLoadedEditorAssemblies (0ms)
				RefreshPlugins (23ms)
				BeforeProcessingInitializeOnLoad (14ms)
				ProcessInitializeOnLoadAttributes (61ms)
				ProcessInitializeOnLoadMethodAttributes (21ms)
				AfterProcessingInitializeOnLoad (0ms)
				EditorAssembliesLoaded (0ms)
			ExecutionOrderSort2 (0ms)
			AwakeInstancesAfterBackupRestoration (0ms)
Platform modules already initialized, skipping
Registering precompiled user dll's ...
Registered in 0.002023 seconds.
Begin MonoManager ReloadAssembly
Native extension for WindowsStandalone target not found
Refreshing native plugins compatible for Editor in 0.35 ms, found 2 plugins.
Preloading 0 native plugins for Editor in 0.00 ms.
Mono: successfully reloaded assembly
- Completed reload, in  0.715 seconds
Domain Reload Profiling:
	ReloadAssembly (715ms)
		BeginReloadAssembly (111ms)
			ExecutionOrderSort (0ms)
			DisableScriptedObjects (4ms)
			BackupInstance (0ms)
			ReleaseScriptingObjects (0ms)
			CreateAndSetChildDomain (17ms)
		EndReloadAssembly (561ms)
			LoadAssemblies (69ms)
			RebuildTransferFunctionScriptingTraits (0ms)
			SetupTypeCache (184ms)
			ReleaseScriptCaches (0ms)
			RebuildScriptCaches (28ms)
			SetupLoadedEditorAssemblies (226ms)
				LogAssemblyErrors (0ms)
				InitializePlatformSupportModulesInManaged (3ms)
				SetLoadedEditorAssemblies (0ms)
				RefreshPlugins (0ms)
				BeforeProcessingInitializeOnLoad (60ms)
				ProcessInitializeOnLoadAttributes (150ms)
				ProcessInitializeOnLoadMethodAttributes (8ms)
				AfterProcessingInitializeOnLoad (4ms)
				EditorAssembliesLoaded (0ms)
			ExecutionOrderSort2 (0ms)
			AwakeInstancesAfterBackupRestoration (5ms)
Platform modules already initialized, skipping
========================================================================
Worker process is ready to serve import requests
Launched and connected shader compiler UnityShaderCompiler.exe after 0.05 seconds
Refreshing native plugins compatible for Editor in 0.34 ms, found 2 plugins.
Preloading 0 native plugins for Editor in 0.00 ms.
Unloading 1502 Unused Serialized files (Serialized files now loaded: 0)
System memory in use before: 67.6 MB.
System memory in use after: 67.7 MB.

Unloading 16 unused Assets to reduce memory usage. Loaded Objects now: 1937.
Total: 2.649000 ms (FindLiveObjects: 0.166600 ms CreateObjectMapping: 0.036800 ms MarkObjects: 2.381900 ms  DeleteObjects: 0.062700 ms)

AssetImportParameters requested are different than current active one (requested -> active):
  custom:framework-win-MediaFoundation: 216162199b28c13a410421893ffa2e32 -> 
  custom:video-decoder-ogg-theora: a1e56fd34408186e4bbccfd4996cb3dc -> 
  custom:container-muxer-webm: aa71ff27fc2769a1b78a27578f13a17b -> 
  custom:container-demuxer-webm: 4f35f7cbe854078d1ac9338744f61a02 -> 
  custom:container-demuxer-ogg: 62fdf1f143b41e24485cea50d1cbac27 -> 
  custom:video-encoder-webm-vp8: eb34c28f22e8b96e1ab97ce403110664 -> 
  custom:video-codec-MediaFoundation-h265: 746d11721c4dcdbdad8f713fa42b33f4 -> 
  custom:video-decoder-webm-vp8: 9c59270c3fd7afecdb556c50c9e8de78 -> 
  custom:audio-decoder-ogg-vorbis: bf7c407c2cedff20999df2af8eb42d56 -> 
  custom:audio-encoder-webm-vorbis: bf7c407c2cedff20999df2af8eb42d56 -> 
========================================================================
Received Import Request.
  path: Assets
  artifactKey: Guid(00000000000000001000000000000000) Importer(815301076,1909f56bfc062723c751e8b465ee728b)
Start importing Assets using Guid(00000000000000001000000000000000) Importer(815301076,1909f56bfc062723c751e8b465ee728b)  -> (artifact id: '42d402b061de3733987d63b9cc3b64de') in 0.006768 seconds 
========================================================================
Received Prepare
Registering precompiled user dll's ...
Registered in 0.002055 seconds.
Begin MonoManager ReloadAssembly
Native extension for WindowsStandalone target not found
Refreshing native plugins compatible for Editor in 0.38 ms, found 2 plugins.
Preloading 0 native plugins for Editor in 0.00 ms.
Mono: successfully reloaded assembly
- Completed reload, in  0.819 seconds
Domain Reload Profiling:
	ReloadAssembly (819ms)
		BeginReloadAssembly (124ms)
			ExecutionOrderSort (0ms)
			DisableScriptedObjects (5ms)
			BackupInstance (0ms)
			ReleaseScriptingObjects (0ms)
			CreateAndSetChildDomain (44ms)
		EndReloadAssembly (640ms)
			LoadAssemblies (90ms)
			RebuildTransferFunctionScriptingTraits (0ms)
			SetupTypeCache (227ms)
			ReleaseScriptCaches (1ms)
			RebuildScriptCaches (36ms)
			SetupLoadedEditorAssemblies (226ms)
				LogAssemblyErrors (0ms)
				InitializePlatformSupportModulesInManaged (3ms)
				SetLoadedEditorAssemblies (0ms)
				RefreshPlugins (0ms)
				BeforeProcessingInitializeOnLoad (61ms)
				ProcessInitializeOnLoadAttributes (149ms)
				ProcessInitializeOnLoadMethodAttributes (7ms)
				AfterProcessingInitializeOnLoad (4ms)
				EditorAssembliesLoaded (0ms)
			ExecutionOrderSort2 (0ms)
			AwakeInstancesAfterBackupRestoration (5ms)
Platform modules already initialized, skipping
Refreshing native plugins compatible for Editor in 0.35 ms, found 2 plugins.
Preloading 0 native plugins for Editor in 0.00 ms.
Unloading 1783 Unused Serialized files (Serialized files now loaded: 0)
System memory in use before: 77.0 MB.
System memory in use after: 77.1 MB.

Unloading 11 unused Assets to reduce memory usage. Loaded Objects now: 2227.
Total: 2.588800 ms (FindLiveObjects: 0.124800 ms CreateObjectMapping: 0.044600 ms MarkObjects: 2.398700 ms  DeleteObjects: 0.019900 ms)

AssetImportParameters requested are different than current active one (requested -> active):
  custom:framework-win-MediaFoundation: 216162199b28c13a410421893ffa2e32 -> 
  custom:video-decoder-ogg-theora: a1e56fd34408186e4bbccfd4996cb3dc -> 
  custom:container-muxer-webm: aa71ff27fc2769a1b78a27578f13a17b -> 
  custom:container-demuxer-webm: 4f35f7cbe854078d1ac9338744f61a02 -> 
  custom:container-demuxer-ogg: 62fdf1f143b41e24485cea50d1cbac27 -> 
  custom:video-encoder-webm-vp8: eb34c28f22e8b96e1ab97ce403110664 -> 
  custom:video-codec-MediaFoundation-h265: 746d11721c4dcdbdad8f713fa42b33f4 -> 
  custom:video-decoder-webm-vp8: 9c59270c3fd7afecdb556c50c9e8de78 -> 
  custom:audio-decoder-ogg-vorbis: bf7c407c2cedff20999df2af8eb42d56 -> 
  custom:audio-encoder-webm-vorbis: bf7c407c2cedff20999df2af8eb42d56 -> 
========================================================================
Received Prepare
Registering precompiled user dll's ...
Registered in 0.001879 seconds.
Begin MonoManager ReloadAssembly
Native extension for WindowsStandalone target not found
Refreshing native plugins compatible for Editor in 0.40 ms, found 2 plugins.
Preloading 0 native plugins for Editor in 0.00 ms.
Mono: successfully reloaded assembly
- Completed reload, in  0.694 seconds
Domain Reload Profiling:
	ReloadAssembly (695ms)
		BeginReloadAssembly (91ms)
			ExecutionOrderSort (0ms)
			DisableScriptedObjects (3ms)
			BackupInstance (0ms)
			ReleaseScriptingObjects (0ms)
			CreateAndSetChildDomain (28ms)
		EndReloadAssembly (559ms)
			LoadAssemblies (71ms)
			RebuildTransferFunctionScriptingTraits (0ms)
			SetupTypeCache (181ms)
			ReleaseScriptCaches (1ms)
			RebuildScriptCaches (27ms)
			SetupLoadedEditorAssemblies (223ms)
				LogAssemblyErrors (0ms)
				InitializePlatformSupportModulesInManaged (4ms)
				SetLoadedEditorAssemblies (0ms)
				RefreshPlugins (0ms)
				BeforeProcessingInitializeOnLoad (61ms)
				ProcessInitializeOnLoadAttributes (146ms)
				ProcessInitializeOnLoadMethodAttributes (7ms)
				AfterProcessingInitializeOnLoad (4ms)
				EditorAssembliesLoaded (0ms)
			ExecutionOrderSort2 (0ms)
			AwakeInstancesAfterBackupRestoration (5ms)
Platform modules already initialized, skipping
Refreshing native plugins compatible for Editor in 0.39 ms, found 2 plugins.
Preloading 0 native plugins for Editor in 0.00 ms.
Unloading 1842 Unused Serialized files (Serialized files now loaded: 0)
System memory in use before: 78.7 MB.
System memory in use after: 78.8 MB.

Unloading 13 unused Assets to reduce memory usage. Loaded Objects now: 2288.
Total: 2.489700 ms (FindLiveObjects: 0.135500 ms CreateObjectMapping: 0.045100 ms MarkObjects: 2.269900 ms  DeleteObjects: 0.038500 ms)

AssetImportParameters requested are different than current active one (requested -> active):
  custom:framework-win-MediaFoundation: 216162199b28c13a410421893ffa2e32 -> 
  custom:video-decoder-ogg-theora: a1e56fd34408186e4bbccfd4996cb3dc -> 
  custom:container-muxer-webm: aa71ff27fc2769a1b78a27578f13a17b -> 
  custom:container-demuxer-webm: 4f35f7cbe854078d1ac9338744f61a02 -> 
  custom:container-demuxer-ogg: 62fdf1f143b41e24485cea50d1cbac27 -> 
  custom:video-encoder-webm-vp8: eb34c28f22e8b96e1ab97ce403110664 -> 
  custom:video-codec-MediaFoundation-h265: 746d11721c4dcdbdad8f713fa42b33f4 -> 
  custom:video-decoder-webm-vp8: 9c59270c3fd7afecdb556c50c9e8de78 -> 
  custom:audio-decoder-ogg-vorbis: bf7c407c2cedff20999df2af8eb42d56 -> 
  custom:audio-encoder-webm-vorbis: bf7c407c2cedff20999df2af8eb42d56 -> 
========================================================================
Received Prepare
Registering precompiled user dll's ...
Registered in 0.002086 seconds.
Begin MonoManager ReloadAssembly
Native extension for WindowsStandalone target not found
Refreshing native plugins compatible for Editor in 0.43 ms, found 2 plugins.
Preloading 0 native plugins for Editor in 0.00 ms.
Mono: successfully reloaded assembly
- Completed reload, in  0.720 seconds
Domain Reload Profiling:
	ReloadAssembly (720ms)
		BeginReloadAssembly (93ms)
			ExecutionOrderSort (0ms)
			DisableScriptedObjects (4ms)
			BackupInstance (0ms)
			ReleaseScriptingObjects (0ms)
			CreateAndSetChildDomain (30ms)
		EndReloadAssembly (582ms)
			LoadAssemblies (72ms)
			RebuildTransferFunctionScriptingTraits (0ms)
			SetupTypeCache (187ms)
			ReleaseScriptCaches (1ms)
			RebuildScriptCaches (26ms)
			SetupLoadedEditorAssemblies (230ms)
				LogAssemblyErrors (0ms)
				InitializePlatformSupportModulesInManaged (4ms)
				SetLoadedEditorAssemblies (0ms)
				RefreshPlugins (0ms)
				BeforeProcessingInitializeOnLoad (63ms)
				ProcessInitializeOnLoadAttributes (151ms)
				ProcessInitializeOnLoadMethodAttributes (7ms)
				AfterProcessingInitializeOnLoad (4ms)
				EditorAssembliesLoaded (0ms)
			ExecutionOrderSort2 (0ms)
			AwakeInstancesAfterBackupRestoration (5ms)
Platform modules already initialized, skipping
Refreshing native plugins compatible for Editor in 0.50 ms, found 2 plugins.
Preloading 0 native plugins for Editor in 0.00 ms.
Unloading 1901 Unused Serialized files (Serialized files now loaded: 0)
System memory in use before: 80.7 MB.
System memory in use after: 80.8 MB.

Unloading 16 unused Assets to reduce memory usage. Loaded Objects now: 2351.
Total: 2.888200 ms (FindLiveObjects: 0.149600 ms CreateObjectMapping: 0.060900 ms MarkObjects: 2.595300 ms  DeleteObjects: 0.081500 ms)

AssetImportParameters requested are different than current active one (requested -> active):
  custom:framework-win-MediaFoundation: 216162199b28c13a410421893ffa2e32 -> 
  custom:video-decoder-ogg-theora: a1e56fd34408186e4bbccfd4996cb3dc -> 
  custom:container-muxer-webm: aa71ff27fc2769a1b78a27578f13a17b -> 
  custom:container-demuxer-webm: 4f35f7cbe854078d1ac9338744f61a02 -> 
  custom:container-demuxer-ogg: 62fdf1f143b41e24485cea50d1cbac27 -> 
  custom:video-encoder-webm-vp8: eb34c28f22e8b96e1ab97ce403110664 -> 
  custom:video-codec-MediaFoundation-h265: 746d11721c4dcdbdad8f713fa42b33f4 -> 
  custom:video-decoder-webm-vp8: 9c59270c3fd7afecdb556c50c9e8de78 -> 
  custom:audio-decoder-ogg-vorbis: bf7c407c2cedff20999df2af8eb42d56 -> 
  custom:audio-encoder-webm-vorbis: bf7c407c2cedff20999df2af8eb42d56 -> 
========================================================================
Received Import Request.
  Time since last request: 5292.233094 seconds.
  path: Assets/Plugins
  artifactKey: Guid(4c2f300cf38ab1044a0cc5c665acba12) Importer(815301076,1909f56bfc062723c751e8b465ee728b)
Start importing Assets/Plugins using Guid(4c2f300cf38ab1044a0cc5c665acba12) Importer(815301076,1909f56bfc062723c751e8b465ee728b)  -> (artifact id: '878d75aea29929fec0a887b5982591c7') in 0.008276 seconds 
========================================================================
Received Import Request.
  Time since last request: 1.264554 seconds.
  path: Assets/Plugins/CW
  artifactKey: Guid(f5c5abe13bbfbeb42963d5653d0ce5fe) Importer(815301076,1909f56bfc062723c751e8b465ee728b)
Start importing Assets/Plugins/CW using Guid(f5c5abe13bbfbeb42963d5653d0ce5fe) Importer(815301076,1909f56bfc062723c751e8b465ee728b)  -> (artifact id: '15c0a34b377e6e583d6bc1d05e5f0f91') in 0.006441 seconds 
========================================================================
Received Prepare
Registering precompiled user dll's ...
Registered in 0.002069 seconds.
Begin MonoManager ReloadAssembly
Native extension for WindowsStandalone target not found
Refreshing native plugins compatible for Editor in 0.42 ms, found 2 plugins.
Preloading 0 native plugins for Editor in 0.00 ms.
Mono: successfully reloaded assembly
- Completed reload, in  0.742 seconds
Domain Reload Profiling:
	ReloadAssembly (742ms)
		BeginReloadAssembly (90ms)
			ExecutionOrderSort (0ms)
			DisableScriptedObjects (4ms)
			BackupInstance (0ms)
			ReleaseScriptingObjects (0ms)
			CreateAndSetChildDomain (27ms)
		EndReloadAssembly (609ms)
			LoadAssemblies (70ms)
			RebuildTransferFunctionScriptingTraits (0ms)
			SetupTypeCache (196ms)
			ReleaseScriptCaches (1ms)
			RebuildScriptCaches (27ms)
			SetupLoadedEditorAssemblies (234ms)
				LogAssemblyErrors (0ms)
				InitializePlatformSupportModulesInManaged (3ms)
				SetLoadedEditorAssemblies (0ms)
				RefreshPlugins (0ms)
				BeforeProcessingInitializeOnLoad (64ms)
				ProcessInitializeOnLoadAttributes (153ms)
				ProcessInitializeOnLoadMethodAttributes (8ms)
				AfterProcessingInitializeOnLoad (4ms)
				EditorAssembliesLoaded (0ms)
			ExecutionOrderSort2 (0ms)
			AwakeInstancesAfterBackupRestoration (5ms)
Platform modules already initialized, skipping
Switching build target platform(19) subTarget(0) extendedPlatform(0) -> platform(13) subTarget(537395200) extendedPlatform(0)
Refreshing native plugins compatible for Editor in 0.42 ms, found 2 plugins.
Preloading 0 native plugins for Editor in 0.00 ms.
Unloading 1905 Unused Serialized files (Serialized files now loaded: 0)
System memory in use before: 80.8 MB.
System memory in use after: 80.8 MB.

Unloading 16 unused Assets to reduce memory usage. Loaded Objects now: 2354.
Total: 2.790200 ms (FindLiveObjects: 0.161100 ms CreateObjectMapping: 0.060400 ms MarkObjects: 2.486100 ms  DeleteObjects: 0.081700 ms)

AssetImportParameters requested are different than current active one (requested -> active):
  custom:framework-win-MediaFoundation: 216162199b28c13a410421893ffa2e32 -> 
  custom:video-decoder-ogg-theora: a1e56fd34408186e4bbccfd4996cb3dc -> 
  custom:container-muxer-webm: aa71ff27fc2769a1b78a27578f13a17b -> 
  custom:container-demuxer-webm: 4f35f7cbe854078d1ac9338744f61a02 -> 
  custom:container-demuxer-ogg: 62fdf1f143b41e24485cea50d1cbac27 -> 
  custom:video-encoder-webm-vp8: eb34c28f22e8b96e1ab97ce403110664 -> 
  custom:video-codec-MediaFoundation-h265: 746d11721c4dcdbdad8f713fa42b33f4 -> 
  custom:video-decoder-webm-vp8: 9c59270c3fd7afecdb556c50c9e8de78 -> 
  custom:graphics/normal-map-encoding: 01000000000000000000000000000000 -> 02000000000000000000000000000000
  custom:audio-decoder-ogg-vorbis: bf7c407c2cedff20999df2af8eb42d56 -> 
  custom:audio-encoder-webm-vorbis: bf7c407c2cedff20999df2af8eb42d56 -> 
========================================================================
Received Prepare
Refreshing native plugins compatible for Editor in 2.14 ms, found 2 plugins.
Preloading 0 native plugins for Editor in 0.00 ms.
Unloading 13 Unused Serialized files (Serialized files now loaded: 0)
System memory in use before: 42.9 MB.
System memory in use after: 42.9 MB.

Unloading 13 unused Assets to reduce memory usage. Loaded Objects now: 2354.
Total: 2.750200 ms (FindLiveObjects: 0.153200 ms CreateObjectMapping: 0.039900 ms MarkObjects: 2.458000 ms  DeleteObjects: 0.098600 ms)

AssetImportParameters requested are different than current active one (requested -> active):
  custom:framework-win-MediaFoundation: 216162199b28c13a410421893ffa2e32 -> 
  custom:video-decoder-ogg-theora: a1e56fd34408186e4bbccfd4996cb3dc -> 
  custom:container-muxer-webm: aa71ff27fc2769a1b78a27578f13a17b -> 
  custom:container-demuxer-webm: 4f35f7cbe854078d1ac9338744f61a02 -> 
  custom:container-demuxer-ogg: 62fdf1f143b41e24485cea50d1cbac27 -> 
  custom:video-encoder-webm-vp8: eb34c28f22e8b96e1ab97ce403110664 -> 
  custom:video-codec-MediaFoundation-h265: 746d11721c4dcdbdad8f713fa42b33f4 -> 
  custom:video-decoder-webm-vp8: 9c59270c3fd7afecdb556c50c9e8de78 -> 
  custom:audio-decoder-ogg-vorbis: bf7c407c2cedff20999df2af8eb42d56 -> 
  custom:audio-encoder-webm-vorbis: bf7c407c2cedff20999df2af8eb42d56 -> 
========================================================================
Received Prepare
Refreshing native plugins compatible for Editor in 3.05 ms, found 2 plugins.
Preloading 0 native plugins for Editor in 0.00 ms.
Unloading 13 Unused Serialized files (Serialized files now loaded: 0)
System memory in use before: 42.9 MB.
System memory in use after: 43.0 MB.

Unloading 13 unused Assets to reduce memory usage. Loaded Objects now: 2354.
Total: 2.945400 ms (FindLiveObjects: 0.152400 ms CreateObjectMapping: 0.040000 ms MarkObjects: 2.664900 ms  DeleteObjects: 0.087500 ms)

AssetImportParameters requested are different than current active one (requested -> active):
  custom:framework-win-MediaFoundation: 216162199b28c13a410421893ffa2e32 -> 
  custom:video-decoder-ogg-theora: a1e56fd34408186e4bbccfd4996cb3dc -> 
  custom:container-muxer-webm: aa71ff27fc2769a1b78a27578f13a17b -> 
  custom:container-demuxer-webm: 4f35f7cbe854078d1ac9338744f61a02 -> 
  custom:container-demuxer-ogg: 62fdf1f143b41e24485cea50d1cbac27 -> 
  custom:video-encoder-webm-vp8: eb34c28f22e8b96e1ab97ce403110664 -> 
  custom:video-codec-MediaFoundation-h265: 746d11721c4dcdbdad8f713fa42b33f4 -> 
  custom:video-decoder-webm-vp8: 9c59270c3fd7afecdb556c50c9e8de78 -> 
  custom:audio-decoder-ogg-vorbis: bf7c407c2cedff20999df2af8eb42d56 -> 
  custom:audio-encoder-webm-vorbis: bf7c407c2cedff20999df2af8eb42d56 -> 
========================================================================
Received Prepare
Refreshing native plugins compatible for Editor in 2.71 ms, found 2 plugins.
Preloading 0 native plugins for Editor in 0.00 ms.
Unloading 13 Unused Serialized files (Serialized files now loaded: 0)
System memory in use before: 42.9 MB.
System memory in use after: 43.0 MB.

Unloading 13 unused Assets to reduce memory usage. Loaded Objects now: 2354.
Total: 2.830800 ms (FindLiveObjects: 0.229300 ms CreateObjectMapping: 0.049900 ms MarkObjects: 2.477400 ms  DeleteObjects: 0.073500 ms)

AssetImportParameters requested are different than current active one (requested -> active):
  custom:framework-win-MediaFoundation: 216162199b28c13a410421893ffa2e32 -> 
  custom:video-decoder-ogg-theora: a1e56fd34408186e4bbccfd4996cb3dc -> 
  custom:container-muxer-webm: aa71ff27fc2769a1b78a27578f13a17b -> 
  custom:container-demuxer-webm: 4f35f7cbe854078d1ac9338744f61a02 -> 
  custom:container-demuxer-ogg: 62fdf1f143b41e24485cea50d1cbac27 -> 
  custom:video-encoder-webm-vp8: eb34c28f22e8b96e1ab97ce403110664 -> 
  custom:video-codec-MediaFoundation-h265: 746d11721c4dcdbdad8f713fa42b33f4 -> 
  custom:video-decoder-webm-vp8: 9c59270c3fd7afecdb556c50c9e8de78 -> 
  custom:audio-decoder-ogg-vorbis: bf7c407c2cedff20999df2af8eb42d56 -> 
  custom:audio-encoder-webm-vorbis: bf7c407c2cedff20999df2af8eb42d56 -> 
========================================================================
Received Prepare
Switching build target platform(13) subTarget(537395200) extendedPlatform(0) -> platform(13) subTarget(524288) extendedPlatform(0)
Refreshing native plugins compatible for Editor in 1.95 ms, found 2 plugins.
Preloading 0 native plugins for Editor in 0.00 ms.
Unloading 13 Unused Serialized files (Serialized files now loaded: 0)
System memory in use before: 42.9 MB.
System memory in use after: 43.0 MB.

Unloading 13 unused Assets to reduce memory usage. Loaded Objects now: 2354.
Total: 3.247400 ms (FindLiveObjects: 0.182300 ms CreateObjectMapping: 0.041600 ms MarkObjects: 2.949800 ms  DeleteObjects: 0.073300 ms)

AssetImportParameters requested are different than current active one (requested -> active):
  buildTarget: platform 13, subtarget 524288, extendedPlatform 0 -> platform 13, subtarget 537395200, extendedPlatform 0
  graphicsApiMask: 2048 -> 2099200
  custom:framework-win-MediaFoundation: 216162199b28c13a410421893ffa2e32 -> 
  custom:video-decoder-ogg-theora: a1e56fd34408186e4bbccfd4996cb3dc -> 
  custom:container-muxer-webm: aa71ff27fc2769a1b78a27578f13a17b -> 
  custom:container-demuxer-webm: 4f35f7cbe854078d1ac9338744f61a02 -> 
  custom:container-demuxer-ogg: 62fdf1f143b41e24485cea50d1cbac27 -> 
  custom:video-encoder-webm-vp8: eb34c28f22e8b96e1ab97ce403110664 -> 
  custom:video-codec-MediaFoundation-h265: 746d11721c4dcdbdad8f713fa42b33f4 -> 
  custom:video-decoder-webm-vp8: 9c59270c3fd7afecdb556c50c9e8de78 -> 
  custom:audio-decoder-ogg-vorbis: bf7c407c2cedff20999df2af8eb42d56 -> 
  custom:audio-encoder-webm-vorbis: bf7c407c2cedff20999df2af8eb42d56 -> 
========================================================================
Received Prepare
Refreshing native plugins compatible for Editor in 2.04 ms, found 2 plugins.
Preloading 0 native plugins for Editor in 0.00 ms.
Unloading 13 Unused Serialized files (Serialized files now loaded: 0)
System memory in use before: 42.9 MB.
System memory in use after: 43.0 MB.

Unloading 13 unused Assets to reduce memory usage. Loaded Objects now: 2354.
Total: 3.283000 ms (FindLiveObjects: 0.207600 ms CreateObjectMapping: 0.100900 ms MarkObjects: 2.879000 ms  DeleteObjects: 0.094800 ms)

AssetImportParameters requested are different than current active one (requested -> active):
  custom:framework-win-MediaFoundation: 216162199b28c13a410421893ffa2e32 -> 
  custom:video-decoder-ogg-theora: a1e56fd34408186e4bbccfd4996cb3dc -> 
  custom:container-muxer-webm: aa71ff27fc2769a1b78a27578f13a17b -> 
  custom:container-demuxer-webm: 4f35f7cbe854078d1ac9338744f61a02 -> 
  custom:container-demuxer-ogg: 62fdf1f143b41e24485cea50d1cbac27 -> 
  custom:video-encoder-webm-vp8: eb34c28f22e8b96e1ab97ce403110664 -> 
  custom:video-codec-MediaFoundation-h265: 746d11721c4dcdbdad8f713fa42b33f4 -> 
  custom:video-decoder-webm-vp8: 9c59270c3fd7afecdb556c50c9e8de78 -> 
  custom:audio-decoder-ogg-vorbis: bf7c407c2cedff20999df2af8eb42d56 -> 
  custom:audio-encoder-webm-vorbis: bf7c407c2cedff20999df2af8eb42d56 -> 
========================================================================
Received Prepare
Refreshing native plugins compatible for Editor in 2.11 ms, found 2 plugins.
Preloading 0 native plugins for Editor in 0.00 ms.
Unloading 13 Unused Serialized files (Serialized files now loaded: 0)
System memory in use before: 42.9 MB.
System memory in use after: 43.0 MB.

Unloading 12 unused Assets to reduce memory usage. Loaded Objects now: 2355.
Total: 2.818600 ms (FindLiveObjects: 0.147100 ms CreateObjectMapping: 0.039400 ms MarkObjects: 2.540700 ms  DeleteObjects: 0.090500 ms)

AssetImportParameters requested are different than current active one (requested -> active):
  custom:framework-win-MediaFoundation: 216162199b28c13a410421893ffa2e32 -> 
  custom:video-decoder-ogg-theora: a1e56fd34408186e4bbccfd4996cb3dc -> 
  custom:container-muxer-webm: aa71ff27fc2769a1b78a27578f13a17b -> 
  custom:container-demuxer-webm: 4f35f7cbe854078d1ac9338744f61a02 -> 
  custom:container-demuxer-ogg: 62fdf1f143b41e24485cea50d1cbac27 -> 
  custom:video-encoder-webm-vp8: eb34c28f22e8b96e1ab97ce403110664 -> 
  custom:video-codec-MediaFoundation-h265: 746d11721c4dcdbdad8f713fa42b33f4 -> 
  custom:video-decoder-webm-vp8: 9c59270c3fd7afecdb556c50c9e8de78 -> 
  custom:audio-decoder-ogg-vorbis: bf7c407c2cedff20999df2af8eb42d56 -> 
  custom:audio-encoder-webm-vorbis: bf7c407c2cedff20999df2af8eb42d56 -> 
========================================================================
Received Prepare
Switching build target platform(13) subTarget(524288) extendedPlatform(0) -> platform(13) subTarget(537395200) extendedPlatform(0)
Refreshing native plugins compatible for Editor in 1.95 ms, found 2 plugins.
Preloading 0 native plugins for Editor in 0.00 ms.
Unloading 12 Unused Serialized files (Serialized files now loaded: 0)
System memory in use before: 42.8 MB.
System memory in use after: 42.9 MB.

Unloading 12 unused Assets to reduce memory usage. Loaded Objects now: 2355.
Total: 2.605500 ms (FindLiveObjects: 0.156300 ms CreateObjectMapping: 0.046600 ms MarkObjects: 2.349600 ms  DeleteObjects: 0.052300 ms)

AssetImportParameters requested are different than current active one (requested -> active):
  buildTarget: platform 13, subtarget 537395200, extendedPlatform 0 -> platform 13, subtarget 524288, extendedPlatform 0
  graphicsApiMask: 2099200 -> 2048
  custom:framework-win-MediaFoundation: 216162199b28c13a410421893ffa2e32 -> 
  custom:video-decoder-ogg-theora: a1e56fd34408186e4bbccfd4996cb3dc -> 
  custom:container-muxer-webm: aa71ff27fc2769a1b78a27578f13a17b -> 
  custom:container-demuxer-webm: 4f35f7cbe854078d1ac9338744f61a02 -> 
  custom:container-demuxer-ogg: 62fdf1f143b41e24485cea50d1cbac27 -> 
  custom:video-encoder-webm-vp8: eb34c28f22e8b96e1ab97ce403110664 -> 
  custom:video-codec-MediaFoundation-h265: 746d11721c4dcdbdad8f713fa42b33f4 -> 
  custom:video-decoder-webm-vp8: 9c59270c3fd7afecdb556c50c9e8de78 -> 
  custom:audio-decoder-ogg-vorbis: bf7c407c2cedff20999df2af8eb42d56 -> 
  custom:audio-encoder-webm-vorbis: bf7c407c2cedff20999df2af8eb42d56 -> 
========================================================================
Received Prepare
Switching build target platform(13) subTarget(524288) extendedPlatform(0) -> platform(13) subTarget(537395200) extendedPlatform(0)
Refreshing native plugins compatible for Editor in 1.90 ms, found 2 plugins.
Preloading 0 native plugins for Editor in 0.00 ms.
Unloading 12 Unused Serialized files (Serialized files now loaded: 0)
System memory in use before: 42.8 MB.
System memory in use after: 42.9 MB.

Unloading 12 unused Assets to reduce memory usage. Loaded Objects now: 2355.
Total: 2.511700 ms (FindLiveObjects: 0.149500 ms CreateObjectMapping: 0.045700 ms MarkObjects: 2.264500 ms  DeleteObjects: 0.051300 ms)

AssetImportParameters requested are different than current active one (requested -> active):
  buildTarget: platform 13, subtarget 537395200, extendedPlatform 0 -> platform 13, subtarget 524288, extendedPlatform 0
  graphicsApiMask: 2099200 -> 2048
  custom:framework-win-MediaFoundation: 216162199b28c13a410421893ffa2e32 -> 
  custom:video-decoder-ogg-theora: a1e56fd34408186e4bbccfd4996cb3dc -> 
  custom:container-muxer-webm: aa71ff27fc2769a1b78a27578f13a17b -> 
  custom:container-demuxer-webm: 4f35f7cbe854078d1ac9338744f61a02 -> 
  custom:container-demuxer-ogg: 62fdf1f143b41e24485cea50d1cbac27 -> 
  custom:video-encoder-webm-vp8: eb34c28f22e8b96e1ab97ce403110664 -> 
  custom:video-codec-MediaFoundation-h265: 746d11721c4dcdbdad8f713fa42b33f4 -> 
  custom:video-decoder-webm-vp8: 9c59270c3fd7afecdb556c50c9e8de78 -> 
  custom:audio-decoder-ogg-vorbis: bf7c407c2cedff20999df2af8eb42d56 -> 
  custom:audio-encoder-webm-vorbis: bf7c407c2cedff20999df2af8eb42d56 -> 
========================================================================
Received Import Request.
  Time since last request: 1817.361839 seconds.
  path: Assets/uploads_files_2172844_Razerblade+stealth.mb
  artifactKey: Guid(cd6d4f0cf1feee748830f00a461bebdc) Importer(815301076,1909f56bfc062723c751e8b465ee728b)
Start importing Assets/uploads_files_2172844_Razerblade+stealth.mb using Guid(cd6d4f0cf1feee748830f00a461bebdc) Importer(815301076,1909f56bfc062723c751e8b465ee728b)  -> (artifact id: 'bc1c0c9048a67ce2be96536ac4f408a9') in 0.040302 seconds 
========================================================================
Received Import Request.
  Time since last request: 105.784666 seconds.
  path: Assets/Objects
  artifactKey: Guid(773a60f984bede040aa2bd643375910e) Importer(815301076,1909f56bfc062723c751e8b465ee728b)
Start importing Assets/Objects using Guid(773a60f984bede040aa2bd643375910e) Importer(815301076,1909f56bfc062723c751e8b465ee728b)  -> (artifact id: '9931d47277c56eba2cb805f2c6257b1e') in 0.005020 seconds 
========================================================================
Received Import Request.
  Time since last request: 5.652291 seconds.
  path: Assets/Objects/3D Laptop Silver colour  16 inch.obj
  artifactKey: Guid(f1e25384d41bce542a8be56bef01470f) Importer(815301076,1909f56bfc062723c751e8b465ee728b)
Start importing Assets/Objects/3D Laptop Silver colour  16 inch.obj using Guid(f1e25384d41bce542a8be56bef01470f) Importer(815301076,1909f56bfc062723c751e8b465ee728b)  -> (artifact id: '583e1c7f04545886c79e4c40365152de') in 0.103887 seconds 
========================================================================
Received Import Request.
  Time since last request: 13.874577 seconds.
  path: Assets/Objects/Laptop
  artifactKey: Guid(31ad11528a607304e97761afe047990d) Importer(815301076,1909f56bfc062723c751e8b465ee728b)
Start importing Assets/Objects/Laptop using Guid(31ad11528a607304e97761afe047990d) Importer(815301076,1909f56bfc062723c751e8b465ee728b)  -> (artifact id: '0eb04c28b27d57472cb070e42cb73ccc') in 0.005582 seconds 
========================================================================
Received Import Request.
  Time since last request: 9.452299 seconds.
  path: Assets/Objects/Laptop/Laptop.mat
  artifactKey: Guid(fcec3a8d472ab844e874c9c68f168a87) Importer(815301076,1909f56bfc062723c751e8b465ee728b)
Start importing Assets/Objects/Laptop/Laptop.mat using Guid(fcec3a8d472ab844e874c9c68f168a87) Importer(815301076,1909f56bfc062723c751e8b465ee728b)  -> (artifact id: '8afae838372f0c925a4cb108c87a9d67') in 0.009368 seconds 
========================================================================
Received Import Request.
  Time since last request: 8.624832 seconds.
  path: Assets/Objects/Laptop/Plastic004_1K_Color.jpg
  artifactKey: Guid(b49408167d3b2924f91d2e6f742a2768) Importer(815301076,1909f56bfc062723c751e8b465ee728b)
Start importing Assets/Objects/Laptop/Plastic004_1K_Color.jpg using Guid(b49408167d3b2924f91d2e6f742a2768) Importer(815301076,1909f56bfc062723c751e8b465ee728b)  -> (artifact id: 'e5c27c8b58e0cc68b244e5dbe715fd95') in 0.062310 seconds 
========================================================================
Received Import Request.
  Time since last request: 0.000105 seconds.
  path: Assets/Objects/Laptop/Plastic004_1K_Roughness.jpg
  artifactKey: Guid(f57e0d244abaab04d8f8ee3bd1fbbd78) Importer(815301076,1909f56bfc062723c751e8b465ee728b)
Start importing Assets/Objects/Laptop/Plastic004_1K_Roughness.jpg using Guid(f57e0d244abaab04d8f8ee3bd1fbbd78) Importer(815301076,1909f56bfc062723c751e8b465ee728b)  -> (artifact id: 'f9b66a764bffe8893edc910a919e9879') in 0.025641 seconds 
========================================================================
Received Import Request.
  Time since last request: 0.000140 seconds.
  path: Assets/Objects/Laptop/Plastic004_1K_Normal.jpg
  artifactKey: Guid(01a3ab3b9d74cf444bde7018c34a8cfa) Importer(815301076,1909f56bfc062723c751e8b465ee728b)
Start importing Assets/Objects/Laptop/Plastic004_1K_Normal.jpg using Guid(01a3ab3b9d74cf444bde7018c34a8cfa) Importer(815301076,1909f56bfc062723c751e8b465ee728b)  -> (artifact id: '3f95a126ec931539366d8f5a71a30b9f') in 0.022964 seconds 
========================================================================
Received Import Request.
  Time since last request: 27.431735 seconds.
  path: Assets/Objects/Laptop/Plastic004_1K_Normal.jpg
  artifactKey: Guid(01a3ab3b9d74cf444bde7018c34a8cfa) Importer(815301076,1909f56bfc062723c751e8b465ee728b)
Start importing Assets/Objects/Laptop/Plastic004_1K_Normal.jpg using Guid(01a3ab3b9d74cf444bde7018c34a8cfa) Importer(815301076,1909f56bfc062723c751e8b465ee728b)  -> (artifact id: 'c26e8a288048d03038de1969f3d22c96') in 0.036302 seconds 
========================================================================
Received Import Request.
  Time since last request: 47.301526 seconds.
  path: Assets/Objects/Laptop/3D Laptop Silver colour  16 inch.fbx
  artifactKey: Guid(e394bf0e33446c94188bda70dbe23d4c) Importer(815301076,1909f56bfc062723c751e8b465ee728b)
Start importing Assets/Objects/Laptop/3D Laptop Silver colour  16 inch.fbx using Guid(e394bf0e33446c94188bda70dbe23d4c) Importer(815301076,1909f56bfc062723c751e8b465ee728b)  -> (artifact id: 'ae9dbc3e5ae07b2d8c495b00226c9157') in 0.065989 seconds 
========================================================================
Received Import Request.
  Time since last request: 44.004672 seconds.
  path: Assets/Objects/Laptop/3D Laptop Silver colour  16 inch.fbx
  artifactKey: Guid(e394bf0e33446c94188bda70dbe23d4c) Importer(815301076,1909f56bfc062723c751e8b465ee728b)
Start importing Assets/Objects/Laptop/3D Laptop Silver colour  16 inch.fbx using Guid(e394bf0e33446c94188bda70dbe23d4c) Importer(815301076,1909f56bfc062723c751e8b465ee728b)  -> (artifact id: '95d09e2ae0c1736f93f386a9057110eb') in 0.062205 seconds 
========================================================================
Received Import Request.
  Time since last request: 11.126246 seconds.
  path: Assets/Objects/Laptop/3D Laptop Silver colour  16 inch.fbx
  artifactKey: Guid(e394bf0e33446c94188bda70dbe23d4c) Importer(815301076,1909f56bfc062723c751e8b465ee728b)
Start importing Assets/Objects/Laptop/3D Laptop Silver colour  16 inch.fbx using Guid(e394bf0e33446c94188bda70dbe23d4c) Importer(815301076,1909f56bfc062723c751e8b465ee728b)  -> (artifact id: '2b5c53e23552066ee587ea20fd8cad6f') in 0.056785 seconds 
========================================================================
Received Import Request.
  Time since last request: 0.000119 seconds.
  path: Assets/Objects/Laptop/TouchPad Silver.mat
  artifactKey: Guid(fe859db9a373c90479334d775b87b13b) Importer(815301076,1909f56bfc062723c751e8b465ee728b)
Start importing Assets/Objects/Laptop/TouchPad Silver.mat using Guid(fe859db9a373c90479334d775b87b13b) Importer(815301076,1909f56bfc062723c751e8b465ee728b)  -> (artifact id: 'f93176b585586b33628fb3a6f5457c53') in 0.010170 seconds 
========================================================================
Received Import Request.
  Time since last request: 0.000136 seconds.
  path: Assets/Objects/Laptop/Cover Silver.mat
  artifactKey: Guid(bdf7ac750f7a6904c9ceef1ede69da47) Importer(815301076,1909f56bfc062723c751e8b465ee728b)
Start importing Assets/Objects/Laptop/Cover Silver.mat using Guid(bdf7ac750f7a6904c9ceef1ede69da47) Importer(815301076,1909f56bfc062723c751e8b465ee728b)  -> (artifact id: '17b4f9e549af178ec0c9c87b5da066ae') in 0.011443 seconds 
========================================================================
Received Import Request.
  Time since last request: 0.000131 seconds.
  path: Assets/Objects/Laptop/Keyboard Black Plastic.mat
  artifactKey: Guid(84d2d8e1199b2d448bad3eb30282d194) Importer(815301076,1909f56bfc062723c751e8b465ee728b)
Start importing Assets/Objects/Laptop/Keyboard Black Plastic.mat using Guid(84d2d8e1199b2d448bad3eb30282d194) Importer(815301076,1909f56bfc062723c751e8b465ee728b)  -> (artifact id: '777f00d9b02eaf0f5c85265d799df8c3') in 0.013338 seconds 
========================================================================
Received Import Request.
  Time since last request: 0.000138 seconds.
  path: Assets/Objects/Laptop/Display Glass.mat
  artifactKey: Guid(62646111ec2baa64b810187a391a697e) Importer(815301076,1909f56bfc062723c751e8b465ee728b)
Start importing Assets/Objects/Laptop/Display Glass.mat using Guid(62646111ec2baa64b810187a391a697e) Importer(815301076,1909f56bfc062723c751e8b465ee728b)  -> (artifact id: '6330faaa52dc41c2f0b0e81f4060d561') in 0.011162 seconds 
========================================================================
Received Import Request.
  Time since last request: 65.850414 seconds.
  path: Assets/Objects/Laptop/3D Laptop Silver colour  16 inch.fbx
  artifactKey: Guid(e394bf0e33446c94188bda70dbe23d4c) Importer(815301076,1909f56bfc062723c751e8b465ee728b)
Start importing Assets/Objects/Laptop/3D Laptop Silver colour  16 inch.fbx using Guid(e394bf0e33446c94188bda70dbe23d4c) Importer(815301076,1909f56bfc062723c751e8b465ee728b)  -> (artifact id: '647aaa71946a7c748735293097cb4309') in 0.052829 seconds 
========================================================================
Received Import Request.
  Time since last request: 1.500191 seconds.
  path: Assets/Objects/Laptop/Materials
  artifactKey: Guid(6811e222662f6934496041a11a6a843c) Importer(815301076,1909f56bfc062723c751e8b465ee728b)
Start importing Assets/Objects/Laptop/Materials using Guid(6811e222662f6934496041a11a6a843c) Importer(815301076,1909f56bfc062723c751e8b465ee728b)  -> (artifact id: '1dff95a758737e159ddb1eed872a783f') in 0.004841 seconds 
========================================================================
Received Import Request.
  Time since last request: 0.758191 seconds.
  path: Assets/Objects/Laptop/Materials/Cover Silver.mat
  artifactKey: Guid(3a31ee617ee71ef48befbd4557050668) Importer(815301076,1909f56bfc062723c751e8b465ee728b)
Start importing Assets/Objects/Laptop/Materials/Cover Silver.mat using Guid(3a31ee617ee71ef48befbd4557050668) Importer(815301076,1909f56bfc062723c751e8b465ee728b)  -> (artifact id: 'd72ab81a2784f70878ae774eb28f4648') in 0.006563 seconds 
========================================================================
Received Import Request.
  Time since last request: 0.000166 seconds.
  path: Assets/Objects/Laptop/Materials/Display Glass.mat
  artifactKey: Guid(f96a2d55bae1ff949b160919f92f7a47) Importer(815301076,1909f56bfc062723c751e8b465ee728b)
Start importing Assets/Objects/Laptop/Materials/Display Glass.mat using Guid(f96a2d55bae1ff949b160919f92f7a47) Importer(815301076,1909f56bfc062723c751e8b465ee728b)  -> (artifact id: 'ed9feb7c4f0bf0e333cf2def31e05482') in 0.007732 seconds 
========================================================================
Received Import Request.
  Time since last request: 0.000103 seconds.
  path: Assets/Objects/Laptop/Materials/Keyboard Black Plastic.mat
  artifactKey: Guid(4166581dc04806148878ca47bb0c0c10) Importer(815301076,1909f56bfc062723c751e8b465ee728b)
Start importing Assets/Objects/Laptop/Materials/Keyboard Black Plastic.mat using Guid(4166581dc04806148878ca47bb0c0c10) Importer(815301076,1909f56bfc062723c751e8b465ee728b)  -> (artifact id: '7de085ccd3ab0d57ed733e72881e90b6') in 0.009722 seconds 
========================================================================
Received Import Request.
  Time since last request: 0.000127 seconds.
  path: Assets/Objects/Laptop/Materials/TouchPad Silver.mat
  artifactKey: Guid(97a65be20f2203c4489a2a4d730f7d0b) Importer(815301076,1909f56bfc062723c751e8b465ee728b)
Start importing Assets/Objects/Laptop/Materials/TouchPad Silver.mat using Guid(97a65be20f2203c4489a2a4d730f7d0b) Importer(815301076,1909f56bfc062723c751e8b465ee728b)  -> (artifact id: 'b87b4708a0d740e18413a0146c574f08') in 0.008926 seconds 
========================================================================
Received Import Request.
  Time since last request: 517.396344 seconds.
  path: Assets/Objects/Laptop/3D Laptop Silver colour  16 inch.prefab
  artifactKey: Guid(52493335ca508724d8124b8999840eb7) Importer(815301076,1909f56bfc062723c751e8b465ee728b)
Start importing Assets/Objects/Laptop/3D Laptop Silver colour  16 inch.prefab using Guid(52493335ca508724d8124b8999840eb7) Importer(815301076,1909f56bfc062723c751e8b465ee728b)  -> (artifact id: '1a1684166d40be0337c59724cd29d003') in 0.013110 seconds 
========================================================================
Received Import Request.
  Time since last request: 146.906581 seconds.
  path: Assets/Objects/Laptop/Laptop.prefab
  artifactKey: Guid(a0e83328ab9c2b344b3ee61a4f36de90) Importer(815301076,1909f56bfc062723c751e8b465ee728b)
Start importing Assets/Objects/Laptop/Laptop.prefab using Guid(a0e83328ab9c2b344b3ee61a4f36de90) Importer(815301076,1909f56bfc062723c751e8b465ee728b)  -> (artifact id: '2db17fc7a5b73440d42564d340b3573b') in 0.018134 seconds 
========================================================================
Received Import Request.
  Time since last request: 118.954310 seconds.
  path: Assets/Resource
  artifactKey: Guid(cdb2a4c6928391f4aa3cb821f1ee030f) Importer(815301076,1909f56bfc062723c751e8b465ee728b)
Start importing Assets/Resource using Guid(cdb2a4c6928391f4aa3cb821f1ee030f) Importer(815301076,1909f56bfc062723c751e8b465ee728b)  -> (artifact id: '8794a07583a5a38634fb3167ccaeec28') in 0.005014 seconds 
========================================================================
Received Import Request.
  Time since last request: 5.185507 seconds.
  path: Assets/Resource/45e83a7a2965bda6ca96e8f76e10d60c.png
  artifactKey: Guid(0212d503e732c2148b283b2c20f59756) Importer(815301076,1909f56bfc062723c751e8b465ee728b)
Start importing Assets/Resource/45e83a7a2965bda6ca96e8f76e10d60c.png using Guid(0212d503e732c2148b283b2c20f59756) Importer(815301076,1909f56bfc062723c751e8b465ee728b)  -> (artifact id: '22d0d59552bc65915cfb3105e95bd0b2') in 0.031207 seconds 
========================================================================
Received Import Request.
  Time since last request: 6.441803 seconds.
  path: Assets/Resource/Target'.png
  artifactKey: Guid(0212d503e732c2148b283b2c20f59756) Importer(815301076,1909f56bfc062723c751e8b465ee728b)
Start importing Assets/Resource/Target'.png using Guid(0212d503e732c2148b283b2c20f59756) Importer(815301076,1909f56bfc062723c751e8b465ee728b)  -> (artifact id: '90657bef14569499c9afec1664189421') in 0.022627 seconds 
========================================================================
Received Import Request.
  Time since last request: 4.559079 seconds.
  path: Assets/Resource/Target'.png
  artifactKey: Guid(0212d503e732c2148b283b2c20f59756) Importer(815301076,1909f56bfc062723c751e8b465ee728b)
Start importing Assets/Resource/Target'.png using Guid(0212d503e732c2148b283b2c20f59756) Importer(815301076,1909f56bfc062723c751e8b465ee728b)  -> (artifact id: '08375c9ebcc6336e12a5eada51161fa0') in 0.031517 seconds 
========================================================================
Received Import Request.
  Time since last request: 33.144353 seconds.
  path: Assets/Resource/Materials
  artifactKey: Guid(816c1a3afee68244fbe730287f1650b3) Importer(815301076,1909f56bfc062723c751e8b465ee728b)
Start importing Assets/Resource/Materials using Guid(816c1a3afee68244fbe730287f1650b3) Importer(815301076,1909f56bfc062723c751e8b465ee728b)  -> (artifact id: 'c695d9c48ee1986da919c05a8aba86e0') in 0.001744 seconds 
========================================================================
Received Import Request.
  Time since last request: 0.470511 seconds.
  path: Assets/Resource/Materials/Target'.mat
  artifactKey: Guid(7012e05643d0d884a8c26a8aa4d2b36f) Importer(815301076,1909f56bfc062723c751e8b465ee728b)
Start importing Assets/Resource/Materials/Target'.mat using Guid(7012e05643d0d884a8c26a8aa4d2b36f) Importer(815301076,1909f56bfc062723c751e8b465ee728b)  -> (artifact id: '1508b4a31194c07f485f084d02345db0') in 0.017534 seconds 
========================================================================
Received Import Request.
  Time since last request: 10.801762 seconds.
  path: Assets/Resource/Target
  artifactKey: Guid(816c1a3afee68244fbe730287f1650b3) Importer(815301076,1909f56bfc062723c751e8b465ee728b)
Start importing Assets/Resource/Target using Guid(816c1a3afee68244fbe730287f1650b3) Importer(815301076,1909f56bfc062723c751e8b465ee728b)  -> (artifact id: 'a22121056db88d350f6622f24a14b83d') in 0.005938 seconds 
========================================================================
Received Import Request.
  Time since last request: 21.771852 seconds.
  path: Assets/Resource/Target/Target.mat
  artifactKey: Guid(b31becd79cd979142b10eb4af1b11a0c) Importer(815301076,1909f56bfc062723c751e8b465ee728b)
Start importing Assets/Resource/Target/Target.mat using Guid(b31becd79cd979142b10eb4af1b11a0c) Importer(815301076,1909f56bfc062723c751e8b465ee728b)  -> (artifact id: '8e0de62171b5cf3f3da95ffb5e02ddc4') in 0.008856 seconds 
========================================================================
Received Import Request.
  Time since last request: 80.402112 seconds.
  path: Assets/Resource/Target/Target.mat
  artifactKey: Guid(b31becd79cd979142b10eb4af1b11a0c) Importer(815301076,1909f56bfc062723c751e8b465ee728b)
Start importing Assets/Resource/Target/Target.mat using Guid(b31becd79cd979142b10eb4af1b11a0c) Importer(815301076,1909f56bfc062723c751e8b465ee728b)  -> (artifact id: 'a29aa225635b2746f809650cfd2aacf2') in 0.020432 seconds 
========================================================================
Received Import Request.
  Time since last request: 29.600592 seconds.
  path: Assets/Sprites
  artifactKey: Guid(5e7111d750837fe4e9af7b360e7d667c) Importer(815301076,1909f56bfc062723c751e8b465ee728b)
Start importing Assets/Sprites using Guid(5e7111d750837fe4e9af7b360e7d667c) Importer(815301076,1909f56bfc062723c751e8b465ee728b)  -> (artifact id: 'a1fce9ed49559546a220f3fe1dde6389') in 0.004769 seconds 
========================================================================
Received Import Request.
  Time since last request: 25.057183 seconds.
  path: Assets/Resource/Target/Target'.png
  artifactKey: Guid(0212d503e732c2148b283b2c20f59756) Importer(815301076,1909f56bfc062723c751e8b465ee728b)
Start importing Assets/Resource/Target/Target'.png using Guid(0212d503e732c2148b283b2c20f59756) Importer(815301076,1909f56bfc062723c751e8b465ee728b)  -> (artifact id: '574b30ab5eb4e6cd80baa4cdca8c63dd') in 0.021822 seconds 
========================================================================
Received Import Request.
  Time since last request: 12.888743 seconds.
  path: Assets/Resource/Target/Target'.png
  artifactKey: Guid(0212d503e732c2148b283b2c20f59756) Importer(815301076,1909f56bfc062723c751e8b465ee728b)
Start importing Assets/Resource/Target/Target'.png using Guid(0212d503e732c2148b283b2c20f59756) Importer(815301076,1909f56bfc062723c751e8b465ee728b)  -> (artifact id: '7eadbfeafe3757e67733fd53d29e3c6b') in 0.017453 seconds 
========================================================================
Received Prepare
Registering precompiled user dll's ...
Registered in 0.002213 seconds.
Begin MonoManager ReloadAssembly
Native extension for WindowsStandalone target not found
Refreshing native plugins compatible for Editor in 0.43 ms, found 2 plugins.
Preloading 0 native plugins for Editor in 0.00 ms.
Mono: successfully reloaded assembly
- Completed reload, in  0.764 seconds
Domain Reload Profiling:
	ReloadAssembly (765ms)
		BeginReloadAssembly (119ms)
			ExecutionOrderSort (0ms)
			DisableScriptedObjects (4ms)
			BackupInstance (0ms)
			ReleaseScriptingObjects (0ms)
			CreateAndSetChildDomain (54ms)
		EndReloadAssembly (599ms)
			LoadAssemblies (73ms)
			RebuildTransferFunctionScriptingTraits (0ms)
			SetupTypeCache (195ms)
			ReleaseScriptCaches (1ms)
			RebuildScriptCaches (25ms)
			SetupLoadedEditorAssemblies (224ms)
				LogAssemblyErrors (0ms)
				InitializePlatformSupportModulesInManaged (3ms)
				SetLoadedEditorAssemblies (0ms)
				RefreshPlugins (0ms)
				BeforeProcessingInitializeOnLoad (60ms)
				ProcessInitializeOnLoadAttributes (148ms)
				ProcessInitializeOnLoadMethodAttributes (8ms)
				AfterProcessingInitializeOnLoad (4ms)
				EditorAssembliesLoaded (0ms)
			ExecutionOrderSort2 (0ms)
			AwakeInstancesAfterBackupRestoration (5ms)
Platform modules already initialized, skipping
Switching build target platform(19) subTarget(0) extendedPlatform(0) -> platform(13) subTarget(537395200) extendedPlatform(0)
Refreshing native plugins compatible for Editor in 0.40 ms, found 2 plugins.
Preloading 0 native plugins for Editor in 0.00 ms.
Unloading 1938 Unused Serialized files (Serialized files now loaded: 0)
System memory in use before: 85.5 MB.
System memory in use after: 85.6 MB.

Unloading 17 unused Assets to reduce memory usage. Loaded Objects now: 2437.
Total: 2.552200 ms (FindLiveObjects: 0.132800 ms CreateObjectMapping: 0.047700 ms MarkObjects: 2.297500 ms  DeleteObjects: 0.073500 ms)

AssetImportParameters requested are different than current active one (requested -> active):
  custom:framework-win-MediaFoundation: 216162199b28c13a410421893ffa2e32 -> 
  custom:video-decoder-ogg-theora: a1e56fd34408186e4bbccfd4996cb3dc -> 
  custom:container-muxer-webm: aa71ff27fc2769a1b78a27578f13a17b -> 
  custom:container-demuxer-webm: 4f35f7cbe854078d1ac9338744f61a02 -> 
  custom:container-demuxer-ogg: 62fdf1f143b41e24485cea50d1cbac27 -> 
  custom:video-encoder-webm-vp8: eb34c28f22e8b96e1ab97ce403110664 -> 
  custom:video-codec-MediaFoundation-h265: 746d11721c4dcdbdad8f713fa42b33f4 -> 
  custom:video-decoder-webm-vp8: 9c59270c3fd7afecdb556c50c9e8de78 -> 
  custom:graphics/normal-map-encoding: 01000000000000000000000000000000 -> 02000000000000000000000000000000
  custom:audio-decoder-ogg-vorbis: bf7c407c2cedff20999df2af8eb42d56 -> 
  custom:audio-encoder-webm-vorbis: bf7c407c2cedff20999df2af8eb42d56 -> 
========================================================================
Received Import Request.
  Time since last request: 267.140677 seconds.
  path: Assets/Resource/Target/Target'.png
  artifactKey: Guid(0212d503e732c2148b283b2c20f59756) Importer(815301076,1909f56bfc062723c751e8b465ee728b)
Start importing Assets/Resource/Target/Target'.png using Guid(0212d503e732c2148b283b2c20f59756) Importer(815301076,1909f56bfc062723c751e8b465ee728b)  -> (artifact id: '59037932e79d54cd1f2e682b87aaa962') in 0.040108 seconds 
========================================================================
Received Import Request.
  Time since last request: 1177.875171 seconds.
  path: Assets/Scripts
  artifactKey: Guid(328092ac3942aad48b0d9e961b38706e) Importer(815301076,1909f56bfc062723c751e8b465ee728b)
Start importing Assets/Scripts using Guid(328092ac3942aad48b0d9e961b38706e) Importer(815301076,1909f56bfc062723c751e8b465ee728b)  -> (artifact id: '4d75f579ffd4410957f242155ff6a050') in 0.005118 seconds 
========================================================================
Received Import Request.
  Time since last request: 6.061763 seconds.
  path: Assets/Scripts/NewBehaviourScript.cs
  artifactKey: Guid(6cf6feeb554550243afefc76ce55a00b) Importer(815301076,1909f56bfc062723c751e8b465ee728b)
Start importing Assets/Scripts/NewBehaviourScript.cs using Guid(6cf6feeb554550243afefc76ce55a00b) Importer(815301076,1909f56bfc062723c751e8b465ee728b)  -> (artifact id: 'e6265c8f687f64902ad64b782ad25b1c') in 0.030064 seconds 
========================================================================
Received Prepare
Registering precompiled user dll's ...
Registered in 0.002917 seconds.
Begin MonoManager ReloadAssembly
Native extension for WindowsStandalone target not found
Refreshing native plugins compatible for Editor in 0.45 ms, found 2 plugins.
Preloading 0 native plugins for Editor in 0.00 ms.
Mono: successfully reloaded assembly
- Completed reload, in  0.720 seconds
Domain Reload Profiling:
	ReloadAssembly (721ms)
		BeginReloadAssembly (92ms)
			ExecutionOrderSort (0ms)
			DisableScriptedObjects (3ms)
			BackupInstance (0ms)
			ReleaseScriptingObjects (0ms)
			CreateAndSetChildDomain (28ms)
		EndReloadAssembly (584ms)
			LoadAssemblies (73ms)
			RebuildTransferFunctionScriptingTraits (0ms)
			SetupTypeCache (180ms)
			ReleaseScriptCaches (1ms)
			RebuildScriptCaches (25ms)
			SetupLoadedEditorAssemblies (224ms)
				LogAssemblyErrors (0ms)
				InitializePlatformSupportModulesInManaged (3ms)
				SetLoadedEditorAssemblies (0ms)
				RefreshPlugins (0ms)
				BeforeProcessingInitializeOnLoad (60ms)
				ProcessInitializeOnLoadAttributes (148ms)
				ProcessInitializeOnLoadMethodAttributes (8ms)
				AfterProcessingInitializeOnLoad (4ms)
				EditorAssembliesLoaded (0ms)
			ExecutionOrderSort2 (0ms)
			AwakeInstancesAfterBackupRestoration (5ms)
Platform modules already initialized, skipping
Switching build target platform(19) subTarget(0) extendedPlatform(0) -> platform(13) subTarget(537395200) extendedPlatform(0)
Refreshing native plugins compatible for Editor in 0.42 ms, found 2 plugins.
Preloading 0 native plugins for Editor in 0.00 ms.
Unloading 1940 Unused Serialized files (Serialized files now loaded: 0)
System memory in use before: 85.7 MB.
System memory in use after: 85.7 MB.

Unloading 16 unused Assets to reduce memory usage. Loaded Objects now: 2441.
Total: 2.516100 ms (FindLiveObjects: 0.134900 ms CreateObjectMapping: 0.048500 ms MarkObjects: 2.255000 ms  DeleteObjects: 0.077000 ms)

AssetImportParameters requested are different than current active one (requested -> active):
  custom:framework-win-MediaFoundation: 216162199b28c13a410421893ffa2e32 -> 
  custom:video-decoder-ogg-theora: a1e56fd34408186e4bbccfd4996cb3dc -> 
  custom:container-muxer-webm: aa71ff27fc2769a1b78a27578f13a17b -> 
  custom:container-demuxer-webm: 4f35f7cbe854078d1ac9338744f61a02 -> 
  custom:container-demuxer-ogg: 62fdf1f143b41e24485cea50d1cbac27 -> 
  custom:video-encoder-webm-vp8: eb34c28f22e8b96e1ab97ce403110664 -> 
  custom:video-codec-MediaFoundation-h265: 746d11721c4dcdbdad8f713fa42b33f4 -> 
  custom:video-decoder-webm-vp8: 9c59270c3fd7afecdb556c50c9e8de78 -> 
  custom:graphics/normal-map-encoding: 01000000000000000000000000000000 -> 02000000000000000000000000000000
  custom:audio-decoder-ogg-vorbis: bf7c407c2cedff20999df2af8eb42d56 -> 
  custom:audio-encoder-webm-vorbis: bf7c407c2cedff20999df2af8eb42d56 -> 
========================================================================
Received Prepare
Registering precompiled user dll's ...
Registered in 0.001924 seconds.
Begin MonoManager ReloadAssembly
Native extension for WindowsStandalone target not found
Refreshing native plugins compatible for Editor in 0.42 ms, found 2 plugins.
Preloading 0 native plugins for Editor in 0.00 ms.
Mono: successfully reloaded assembly
- Completed reload, in  0.765 seconds
Domain Reload Profiling:
	ReloadAssembly (765ms)
		BeginReloadAssembly (98ms)
			ExecutionOrderSort (0ms)
			DisableScriptedObjects (6ms)
			BackupInstance (0ms)
			ReleaseScriptingObjects (0ms)
			CreateAndSetChildDomain (31ms)
		EndReloadAssembly (623ms)
			LoadAssemblies (71ms)
			RebuildTransferFunctionScriptingTraits (0ms)
			SetupTypeCache (186ms)
			ReleaseScriptCaches (1ms)
			RebuildScriptCaches (26ms)
			SetupLoadedEditorAssemblies (237ms)
				LogAssemblyErrors (0ms)
				InitializePlatformSupportModulesInManaged (3ms)
				SetLoadedEditorAssemblies (0ms)
				RefreshPlugins (0ms)
				BeforeProcessingInitializeOnLoad (64ms)
				ProcessInitializeOnLoadAttributes (157ms)
				ProcessInitializeOnLoadMethodAttributes (8ms)
				AfterProcessingInitializeOnLoad (4ms)
				EditorAssembliesLoaded (0ms)
			ExecutionOrderSort2 (0ms)
			AwakeInstancesAfterBackupRestoration (6ms)
Platform modules already initialized, skipping
Switching build target platform(19) subTarget(0) extendedPlatform(0) -> platform(13) subTarget(537395200) extendedPlatform(0)
Refreshing native plugins compatible for Editor in 0.47 ms, found 2 plugins.
Preloading 0 native plugins for Editor in 0.00 ms.
Unloading 1939 Unused Serialized files (Serialized files now loaded: 0)
System memory in use before: 85.6 MB.
System memory in use after: 85.7 MB.

Unloading 17 unused Assets to reduce memory usage. Loaded Objects now: 2443.
Total: 3.045200 ms (FindLiveObjects: 0.208200 ms CreateObjectMapping: 0.066200 ms MarkObjects: 2.686800 ms  DeleteObjects: 0.083100 ms)

AssetImportParameters requested are different than current active one (requested -> active):
  custom:framework-win-MediaFoundation: 216162199b28c13a410421893ffa2e32 -> 
  custom:video-decoder-ogg-theora: a1e56fd34408186e4bbccfd4996cb3dc -> 
  custom:container-muxer-webm: aa71ff27fc2769a1b78a27578f13a17b -> 
  custom:container-demuxer-webm: 4f35f7cbe854078d1ac9338744f61a02 -> 
  custom:container-demuxer-ogg: 62fdf1f143b41e24485cea50d1cbac27 -> 
  custom:video-encoder-webm-vp8: eb34c28f22e8b96e1ab97ce403110664 -> 
  custom:video-codec-MediaFoundation-h265: 746d11721c4dcdbdad8f713fa42b33f4 -> 
  custom:video-decoder-webm-vp8: 9c59270c3fd7afecdb556c50c9e8de78 -> 
  custom:graphics/normal-map-encoding: 01000000000000000000000000000000 -> 02000000000000000000000000000000
  custom:audio-decoder-ogg-vorbis: bf7c407c2cedff20999df2af8eb42d56 -> 
  custom:audio-encoder-webm-vorbis: bf7c407c2cedff20999df2af8eb42d56 -> 
========================================================================
Received Import Request.
  Time since last request: 18.899187 seconds.
  path: Assets/Scripts/Placement.cs
  artifactKey: Guid(15deace208bcf464cbd9c409c058f922) Importer(815301076,1909f56bfc062723c751e8b465ee728b)
Start importing Assets/Scripts/Placement.cs using Guid(15deace208bcf464cbd9c409c058f922) Importer(815301076,1909f56bfc062723c751e8b465ee728b)  -> (artifact id: 'cf4ec70d6bf76d6f531188400c08da9c') in 0.007779 seconds 
========================================================================
Received Prepare
Registering precompiled user dll's ...
Registered in 0.013988 seconds.
Begin MonoManager ReloadAssembly
Native extension for WindowsStandalone target not found
Refreshing native plugins compatible for Editor in 0.83 ms, found 2 plugins.
Preloading 0 native plugins for Editor in 0.00 ms.
Mono: successfully reloaded assembly
- Completed reload, in  1.306 seconds
Domain Reload Profiling:
	ReloadAssembly (1307ms)
		BeginReloadAssembly (119ms)
			ExecutionOrderSort (0ms)
			DisableScriptedObjects (4ms)
			BackupInstance (0ms)
			ReleaseScriptingObjects (0ms)
			CreateAndSetChildDomain (42ms)
		EndReloadAssembly (1135ms)
			LoadAssemblies (94ms)
			RebuildTransferFunctionScriptingTraits (0ms)
			SetupTypeCache (367ms)
			ReleaseScriptCaches (1ms)
			RebuildScriptCaches (47ms)
			SetupLoadedEditorAssemblies (479ms)
				LogAssemblyErrors (0ms)
				InitializePlatformSupportModulesInManaged (7ms)
				SetLoadedEditorAssemblies (1ms)
				RefreshPlugins (1ms)
				BeforeProcessingInitializeOnLoad (112ms)
				ProcessInitializeOnLoadAttributes (333ms)
				ProcessInitializeOnLoadMethodAttributes (16ms)
				AfterProcessingInitializeOnLoad (8ms)
				EditorAssembliesLoaded (0ms)
			ExecutionOrderSort2 (0ms)
			AwakeInstancesAfterBackupRestoration (7ms)
Platform modules already initialized, skipping
Switching build target platform(19) subTarget(0) extendedPlatform(0) -> platform(13) subTarget(537395200) extendedPlatform(0)
Refreshing native plugins compatible for Editor in 0.51 ms, found 2 plugins.
Preloading 0 native plugins for Editor in 0.00 ms.
Unloading 1940 Unused Serialized files (Serialized files now loaded: 0)
System memory in use before: 85.7 MB.
System memory in use after: 85.7 MB.

Unloading 16 unused Assets to reduce memory usage. Loaded Objects now: 2447.
Total: 3.530600 ms (FindLiveObjects: 0.184900 ms CreateObjectMapping: 0.085400 ms MarkObjects: 3.160000 ms  DeleteObjects: 0.099100 ms)

AssetImportParameters requested are different than current active one (requested -> active):
  custom:framework-win-MediaFoundation: 216162199b28c13a410421893ffa2e32 -> 
  custom:video-decoder-ogg-theora: a1e56fd34408186e4bbccfd4996cb3dc -> 
  custom:container-muxer-webm: aa71ff27fc2769a1b78a27578f13a17b -> 
  custom:container-demuxer-webm: 4f35f7cbe854078d1ac9338744f61a02 -> 
  custom:container-demuxer-ogg: 62fdf1f143b41e24485cea50d1cbac27 -> 
  custom:video-encoder-webm-vp8: eb34c28f22e8b96e1ab97ce403110664 -> 
  custom:video-codec-MediaFoundation-h265: 746d11721c4dcdbdad8f713fa42b33f4 -> 
  custom:video-decoder-webm-vp8: 9c59270c3fd7afecdb556c50c9e8de78 -> 
  custom:graphics/normal-map-encoding: 01000000000000000000000000000000 -> 02000000000000000000000000000000
  custom:audio-decoder-ogg-vorbis: bf7c407c2cedff20999df2af8eb42d56 -> 
  custom:audio-encoder-webm-vorbis: bf7c407c2cedff20999df2af8eb42d56 -> 
========================================================================
Received Prepare
Registering precompiled user dll's ...
Registered in 0.003122 seconds.
Begin MonoManager ReloadAssembly
Native extension for WindowsStandalone target not found
Refreshing native plugins compatible for Editor in 1.22 ms, found 2 plugins.
Preloading 0 native plugins for Editor in 0.00 ms.
Mono: successfully reloaded assembly
- Completed reload, in  0.825 seconds
Domain Reload Profiling:
	ReloadAssembly (826ms)
		BeginReloadAssembly (126ms)
			ExecutionOrderSort (0ms)
			DisableScriptedObjects (7ms)
			BackupInstance (0ms)
			ReleaseScriptingObjects (0ms)
			CreateAndSetChildDomain (44ms)
		EndReloadAssembly (652ms)
			LoadAssemblies (84ms)
			RebuildTransferFunctionScriptingTraits (0ms)
			SetupTypeCache (202ms)
			ReleaseScriptCaches (1ms)
			RebuildScriptCaches (27ms)
			SetupLoadedEditorAssemblies (244ms)
				LogAssemblyErrors (0ms)
				InitializePlatformSupportModulesInManaged (3ms)
				SetLoadedEditorAssemblies (0ms)
				RefreshPlugins (1ms)
				BeforeProcessingInitializeOnLoad (64ms)
				ProcessInitializeOnLoadAttributes (161ms)
				ProcessInitializeOnLoadMethodAttributes (9ms)
				AfterProcessingInitializeOnLoad (4ms)
				EditorAssembliesLoaded (0ms)
			ExecutionOrderSort2 (0ms)
			AwakeInstancesAfterBackupRestoration (5ms)
Platform modules already initialized, skipping
Switching build target platform(19) subTarget(0) extendedPlatform(0) -> platform(13) subTarget(537395200) extendedPlatform(0)
Refreshing native plugins compatible for Editor in 0.43 ms, found 2 plugins.
Preloading 0 native plugins for Editor in 0.00 ms.
Unloading 1940 Unused Serialized files (Serialized files now loaded: 0)
System memory in use before: 85.7 MB.
System memory in use after: 85.7 MB.

Unloading 16 unused Assets to reduce memory usage. Loaded Objects now: 2450.
Total: 3.158300 ms (FindLiveObjects: 0.156600 ms CreateObjectMapping: 0.071000 ms MarkObjects: 2.813000 ms  DeleteObjects: 0.116700 ms)

AssetImportParameters requested are different than current active one (requested -> active):
  custom:framework-win-MediaFoundation: 216162199b28c13a410421893ffa2e32 -> 
  custom:video-decoder-ogg-theora: a1e56fd34408186e4bbccfd4996cb3dc -> 
  custom:container-muxer-webm: aa71ff27fc2769a1b78a27578f13a17b -> 
  custom:container-demuxer-webm: 4f35f7cbe854078d1ac9338744f61a02 -> 
  custom:container-demuxer-ogg: 62fdf1f143b41e24485cea50d1cbac27 -> 
  custom:video-encoder-webm-vp8: eb34c28f22e8b96e1ab97ce403110664 -> 
  custom:video-codec-MediaFoundation-h265: 746d11721c4dcdbdad8f713fa42b33f4 -> 
  custom:video-decoder-webm-vp8: 9c59270c3fd7afecdb556c50c9e8de78 -> 
  custom:graphics/normal-map-encoding: 01000000000000000000000000000000 -> 02000000000000000000000000000000
  custom:audio-decoder-ogg-vorbis: bf7c407c2cedff20999df2af8eb42d56 -> 
  custom:audio-encoder-webm-vorbis: bf7c407c2cedff20999df2af8eb42d56 -> 
========================================================================
Received Prepare
Switching build target platform(13) subTarget(537395200) extendedPlatform(0) -> platform(13) subTarget(524288) extendedPlatform(0)
Refreshing native plugins compatible for Editor in 2.05 ms, found 2 plugins.
Preloading 0 native plugins for Editor in 0.00 ms.
Unloading 13 Unused Serialized files (Serialized files now loaded: 0)
System memory in use before: 47.2 MB.
System memory in use after: 47.2 MB.

Unloading 13 unused Assets to reduce memory usage. Loaded Objects now: 2450.
Total: 2.994900 ms (FindLiveObjects: 0.176500 ms CreateObjectMapping: 0.041200 ms MarkObjects: 2.603500 ms  DeleteObjects: 0.173100 ms)

AssetImportParameters requested are different than current active one (requested -> active):
  buildTarget: platform 13, subtarget 524288, extendedPlatform 0 -> platform 13, subtarget 537395200, extendedPlatform 0
  graphicsApiMask: 2048 -> 2099200
  custom:framework-win-MediaFoundation: 216162199b28c13a410421893ffa2e32 -> 
  custom:video-decoder-ogg-theora: a1e56fd34408186e4bbccfd4996cb3dc -> 
  custom:container-muxer-webm: aa71ff27fc2769a1b78a27578f13a17b -> 
  custom:container-demuxer-webm: 4f35f7cbe854078d1ac9338744f61a02 -> 
  custom:container-demuxer-ogg: 62fdf1f143b41e24485cea50d1cbac27 -> 
  custom:video-encoder-webm-vp8: eb34c28f22e8b96e1ab97ce403110664 -> 
  custom:video-codec-MediaFoundation-h265: 746d11721c4dcdbdad8f713fa42b33f4 -> 
  custom:video-decoder-webm-vp8: 9c59270c3fd7afecdb556c50c9e8de78 -> 
  custom:audio-decoder-ogg-vorbis: bf7c407c2cedff20999df2af8eb42d56 -> 
  custom:audio-encoder-webm-vorbis: bf7c407c2cedff20999df2af8eb42d56 -> 
========================================================================
Received Prepare
Refreshing native plugins compatible for Editor in 2.27 ms, found 2 plugins.
Preloading 0 native plugins for Editor in 0.00 ms.
Unloading 13 Unused Serialized files (Serialized files now loaded: 0)
System memory in use before: 47.2 MB.
System memory in use after: 47.2 MB.

Unloading 12 unused Assets to reduce memory usage. Loaded Objects now: 2451.
Total: 2.566200 ms (FindLiveObjects: 0.168700 ms CreateObjectMapping: 0.040700 ms MarkObjects: 2.291600 ms  DeleteObjects: 0.064700 ms)

AssetImportParameters requested are different than current active one (requested -> active):
  custom:framework-win-MediaFoundation: 216162199b28c13a410421893ffa2e32 -> 
  custom:video-decoder-ogg-theora: a1e56fd34408186e4bbccfd4996cb3dc -> 
  custom:container-muxer-webm: aa71ff27fc2769a1b78a27578f13a17b -> 
  custom:container-demuxer-webm: 4f35f7cbe854078d1ac9338744f61a02 -> 
  custom:container-demuxer-ogg: 62fdf1f143b41e24485cea50d1cbac27 -> 
  custom:video-encoder-webm-vp8: eb34c28f22e8b96e1ab97ce403110664 -> 
  custom:video-codec-MediaFoundation-h265: 746d11721c4dcdbdad8f713fa42b33f4 -> 
  custom:video-decoder-webm-vp8: 9c59270c3fd7afecdb556c50c9e8de78 -> 
  custom:audio-decoder-ogg-vorbis: bf7c407c2cedff20999df2af8eb42d56 -> 
  custom:audio-encoder-webm-vorbis: bf7c407c2cedff20999df2af8eb42d56 -> 
========================================================================
Received Prepare
Refreshing native plugins compatible for Editor in 2.08 ms, found 2 plugins.
Preloading 0 native plugins for Editor in 0.00 ms.
Unloading 12 Unused Serialized files (Serialized files now loaded: 0)
System memory in use before: 47.1 MB.
System memory in use after: 47.1 MB.

Unloading 12 unused Assets to reduce memory usage. Loaded Objects now: 2451.
Total: 3.132300 ms (FindLiveObjects: 0.180800 ms CreateObjectMapping: 0.049800 ms MarkObjects: 2.824400 ms  DeleteObjects: 0.076300 ms)

AssetImportParameters requested are different than current active one (requested -> active):
  custom:framework-win-MediaFoundation: 216162199b28c13a410421893ffa2e32 -> 
  custom:video-decoder-ogg-theora: a1e56fd34408186e4bbccfd4996cb3dc -> 
  custom:container-muxer-webm: aa71ff27fc2769a1b78a27578f13a17b -> 
  custom:container-demuxer-webm: 4f35f7cbe854078d1ac9338744f61a02 -> 
  custom:container-demuxer-ogg: 62fdf1f143b41e24485cea50d1cbac27 -> 
  custom:video-encoder-webm-vp8: eb34c28f22e8b96e1ab97ce403110664 -> 
  custom:video-codec-MediaFoundation-h265: 746d11721c4dcdbdad8f713fa42b33f4 -> 
  custom:video-decoder-webm-vp8: 9c59270c3fd7afecdb556c50c9e8de78 -> 
  custom:audio-decoder-ogg-vorbis: bf7c407c2cedff20999df2af8eb42d56 -> 
  custom:audio-encoder-webm-vorbis: bf7c407c2cedff20999df2af8eb42d56 -> 
AssetImportWorkerClient::OnTransportError - code=2 error=End of file
